<?xml version="1.0" encoding="UTF-8"?>
<!-- Generated by org.testng.reporters.JUnitXMLReporter -->
<testsuite ignored="0" hostname="DESKTOP-5R12BVU" failures="0" tests="2" name="Test1" time="44.805" errors="0" timestamp="2022-05-08T14:43:05 IST">
  <testcase classname="Projects.MavenRevision.loginTest" name="@BeforeMethod initialize" time="44.61">
    <failure type="java.lang.NullPointerException" message="Cannot invoke &amp;quot;pageObjects.Homeobjects.pop()&amp;quot; because &amp;quot;this.home&amp;quot; is null">
      <![CDATA[java.lang.NullPointerException: Cannot invoke "pageObjects.Homeobjects.pop()" because "this.home" is null
at Projects.MavenRevision.loginTest.initialize(loginTest.java:30)
at java.base/java.util.ArrayList.forEach(ArrayList.java:1511)
at java.base/java.util.concurrent.FutureTask.run(FutureTask.java:264)
at java.base/java.util.concurrent.ThreadPoolExecutor.runWorker(ThreadPoolExecutor.java:1136)
at java.base/java.util.concurrent.ThreadPoolExecutor$Worker.run(ThreadPoolExecutor.java:635)
at java.base/java.lang.Thread.run(Thread.java:833)
... Removed 22 stack frames]]>
    </failure>
  </testcase> <!-- @BeforeMethod initialize -->
  <testcase classname="Projects.MavenRevision.loginTest" name="@AfterMethod close" time="-1.65200118569E9">
    <skipped/>
  </testcase> <!-- @AfterMethod close -->
  <testcase classname="Projects.MavenRevision.loginTest" name="@BeforeMethod initialize" time="-1.652001185694E9">
    <skipped/>
  </testcase> <!-- @BeforeMethod initialize -->
  <testcase classname="Projects.MavenRevision.loginTest" name="@AfterMethod close" time="-1.652001185738E9">
    <skipped/>
  </testcase> <!-- @AfterMethod close -->
  <testcase classname="Projects.MavenRevision.loginTest" name="propMethod" time="0.0">
    <skipped/>
  </testcase> <!-- propMethod -->
  <testcase classname="Projects.MavenRevision.loginTest" name="propMethod" time="0.0">
    <skipped/>
  </testcase> <!-- propMethod -->
</testsuite> <!-- Test1 -->
