<?xml version="1.0" encoding="UTF-8"?>
<!-- Generated by org.testng.reporters.JUnitXMLReporter -->
<testsuite ignored="0" hostname="DESKTOP-5R12BVU" failures="0" tests="3" name="Test" time="69.31" errors="0" timestamp="2022-04-30T20:49:46 IST">
  <testcase classname="Projects.MavenRevision.loginTest" name="propMethod" time="2.292"/>
  <testcase classname="Projects.MavenRevision.loginTest" name="propMethod" time="2.072"/>
  <testcase classname="Projects.MavenRevision.validatetitleTest" name="getTitle" time="0.132"/>
</testsuite> <!-- Test -->
