<?xml version="1.0" encoding="UTF-8"?>
<!-- Generated by org.testng.reporters.JUnitXMLReporter -->
<testsuite ignored="0" hostname="DESKTOP-5R12BVU" failures="1" tests="2" name="Test2" time="46.185" errors="0" timestamp="2022-05-08T14:43:07 IST">
  <testcase classname="Projects.MavenRevision.validatetitleTest" name="validateInfo" time="16.976"/>
  <testcase classname="Projects.MavenRevision.validatetitleTest" name="validateTitle" time="0.106">
    <failure type="junit.framework.ComparisonFailure" message="expected:&amp;lt;FEATURED CO[]URSES&amp;gt; but was:&amp;lt;FEATURED CO[11]URSES&amp;gt;">
      <![CDATA[junit.framework.ComparisonFailure: expected:<FEATURED CO[]URSES> but was:<FEATURED CO[11]URSES>
at junit.framework.Assert.assertEquals(Assert.java:100)
at junit.framework.Assert.assertEquals(Assert.java:107)
at Projects.MavenRevision.validatetitleTest.validateTitle(validatetitleTest.java:38)
at java.base/java.util.ArrayList.forEach(ArrayList.java:1511)
at java.base/java.util.concurrent.FutureTask.run(FutureTask.java:264)
at java.base/java.util.concurrent.ThreadPoolExecutor.runWorker(ThreadPoolExecutor.java:1136)
at java.base/java.util.concurrent.ThreadPoolExecutor$Worker.run(ThreadPoolExecutor.java:635)
at java.base/java.lang.Thread.run(Thread.java:833)
... Removed 18 stack frames]]>
    </failure>
  </testcase> <!-- validateTitle -->
</testsuite> <!-- Test2 -->
