<?xml version="1.0" encoding="UTF-8"?>
<!-- Generated by org.testng.reporters.JUnitXMLReporter -->
<testsuite hostname="DESKTOP-5R12BVU" ignored="0" name="Test" tests="3" failures="0" timestamp="2022-05-01T12:44:55 IST" time="77.431" errors="0">
  <testcase name="propMethod" time="1.949" classname="Projects.MavenRevision.loginTest"/>
  <testcase name="propMethod" time="2.141" classname="Projects.MavenRevision.loginTest"/>
  <testcase name="getTitle" time="0.138" classname="Projects.MavenRevision.validatetitleTest"/>
</testsuite> <!-- Test -->
