<?xml version="1.0" encoding="UTF-8"?>
<!-- Generated by org.testng.reporters.JUnitXMLReporter -->
<testsuite hostname="DESKTOP-5R12BVU" ignored="0" name="Test3" tests="1" failures="1" timestamp="2022-05-07T13:20:06 IST" time="27.322" errors="0">
  <testcase name="validateTitle" time="0.097" classname="Projects.MavenRevision.validatetitleTest">
    <failure type="junit.framework.ComparisonFailure" message="expected:&amp;lt;FEATURED CO[]URSES&amp;gt; but was:&amp;lt;FEATURED CO[11]URSES&amp;gt;">
      <![CDATA[junit.framework.ComparisonFailure: expected:<FEATURED CO[]URSES> but was:<FEATURED CO[11]URSES>
at junit.framework.Assert.assertEquals(Assert.java:100)
at junit.framework.Assert.assertEquals(Assert.java:107)
at Projects.MavenRevision.validatetitleTest.validateTitle(validatetitleTest.java:36)
at java.util.ArrayList.forEach(ArrayList.java:1259)
at java.util.concurrent.FutureTask.run(FutureTask.java:266)
at java.util.concurrent.ThreadPoolExecutor.runWorker(ThreadPoolExecutor.java:1149)
at java.util.concurrent.ThreadPoolExecutor$Worker.run(ThreadPoolExecutor.java:624)
at java.lang.Thread.run(Thread.java:748)
... Removed 18 stack frames]]>
    </failure>
  </testcase> <!-- validateTitle -->
</testsuite> <!-- Test3 -->
