<?xml version="1.0" encoding="UTF-8"?>
<testng-results skipped="0" failed="1" ignored="0" total="3" passed="2">
  <reporter-output>
  </reporter-output>
  <suite name="Suite" duration-ms="59712" started-at="2022-05-07T13:19:39 IST" finished-at="2022-05-07T13:20:39 IST">
    <groups>
    </groups>
    <test name="Test1" duration-ms="26" started-at="2022-05-07T13:19:39 IST" finished-at="2022-05-07T13:19:39 IST">
    </test> <!-- Test1 -->
    <test name="Test3" duration-ms="27322" started-at="2022-05-07T13:19:39 IST" finished-at="2022-05-07T13:20:06 IST">
      <class name="Projects.MavenRevision.validatetitleTest">
        <test-method status="PASS" signature="initialize()[pri:0, instance:Projects.MavenRevision.validatetitleTest@403c3a01]" name="initialize" is-config="true" duration-ms="26690" started-at="2022-05-07T13:19:39 IST" finished-at="2022-05-07T13:20:06 IST">
          <reporter-output>
          </reporter-output>
        </test-method> <!-- initialize -->
        <test-method status="FAIL" signature="validateTitle()[pri:0, instance:Projects.MavenRevision.validatetitleTest@403c3a01]" name="validateTitle" duration-ms="97" started-at="2022-05-07T13:20:06 IST" finished-at="2022-05-07T13:20:06 IST">
          <exception class="junit.framework.ComparisonFailure">
            <message>
              <![CDATA[expected:<FEATURED CO[]URSES> but was:<FEATURED CO[11]URSES>]]>
            </message>
            <full-stacktrace>
              <![CDATA[junit.framework.ComparisonFailure: expected:<FEATURED CO[]URSES> but was:<FEATURED CO[11]URSES>
at junit.framework.Assert.assertEquals(Assert.java:100)
at junit.framework.Assert.assertEquals(Assert.java:107)
at Projects.MavenRevision.validatetitleTest.validateTitle(validatetitleTest.java:36)
at sun.reflect.NativeMethodAccessorImpl.invoke0(Native Method)
at sun.reflect.NativeMethodAccessorImpl.invoke(NativeMethodAccessorImpl.java:62)
at sun.reflect.DelegatingMethodAccessorImpl.invoke(DelegatingMethodAccessorImpl.java:43)
at java.lang.reflect.Method.invoke(Method.java:498)
at org.testng.internal.invokers.MethodInvocationHelper.invokeMethod(MethodInvocationHelper.java:135)
at org.testng.internal.invokers.TestInvoker.invokeMethod(TestInvoker.java:673)
at org.testng.internal.invokers.TestInvoker.invokeTestMethod(TestInvoker.java:220)
at org.testng.internal.invokers.MethodRunner.runInSequence(MethodRunner.java:50)
at org.testng.internal.invokers.TestInvoker$MethodInvocationAgent.invoke(TestInvoker.java:945)
at org.testng.internal.invokers.TestInvoker.invokeTestMethods(TestInvoker.java:193)
at org.testng.internal.invokers.TestMethodWorker.invokeTestMethods(TestMethodWorker.java:146)
at org.testng.internal.invokers.TestMethodWorker.run(TestMethodWorker.java:128)
at java.util.ArrayList.forEach(ArrayList.java:1259)
at org.testng.TestRunner.privateRun(TestRunner.java:808)
at org.testng.TestRunner.run(TestRunner.java:603)
at org.testng.SuiteRunner.runTest(SuiteRunner.java:429)
at org.testng.SuiteRunner.access$000(SuiteRunner.java:32)
at org.testng.SuiteRunner$SuiteWorker.run(SuiteRunner.java:467)
at org.testng.internal.thread.ThreadUtil.lambda$execute$0(ThreadUtil.java:58)
at java.util.concurrent.FutureTask.run(FutureTask.java:266)
at java.util.concurrent.ThreadPoolExecutor.runWorker(ThreadPoolExecutor.java:1149)
at java.util.concurrent.ThreadPoolExecutor$Worker.run(ThreadPoolExecutor.java:624)
at java.lang.Thread.run(Thread.java:748)
]]>
            </full-stacktrace>
          </exception> <!-- junit.framework.ComparisonFailure -->
          <reporter-output>
          </reporter-output>
        </test-method> <!-- validateTitle -->
        <test-method status="PASS" signature="close()[pri:0, instance:Projects.MavenRevision.validatetitleTest@403c3a01]" name="close" is-config="true" duration-ms="76" started-at="2022-05-07T13:20:06 IST" finished-at="2022-05-07T13:20:06 IST">
          <reporter-output>
          </reporter-output>
        </test-method> <!-- close -->
      </class> <!-- Projects.MavenRevision.validatetitleTest -->
    </test> <!-- Test3 -->
    <test name="Test2" duration-ms="59712" started-at="2022-05-07T13:19:39 IST" finished-at="2022-05-07T13:20:39 IST">
      <class name="Projects.MavenRevision.loginTest">
        <test-method status="PASS" signature="initialize()[pri:0, instance:Projects.MavenRevision.loginTest@e11ecfa]" name="initialize" is-config="true" duration-ms="36513" started-at="2022-05-07T13:19:39 IST" finished-at="2022-05-07T13:20:16 IST">
          <reporter-output>
          </reporter-output>
        </test-method> <!-- initialize -->
        <test-method status="PASS" signature="propMethod(java.lang.String,java.lang.String,java.lang.String)[pri:0, instance:Projects.MavenRevision.loginTest@e11ecfa]" name="propMethod" duration-ms="1573" started-at="2022-05-07T13:20:16 IST" data-provider="getData" finished-at="2022-05-07T13:20:17 IST">
          <params>
            <param index="0">
              <value>
                <![CDATA[user1@gmail.com]]>
              </value>
            </param>
            <param index="1">
              <value>
                <![CDATA[user@333]]>
              </value>
            </param>
            <param index="2">
              <value>
                <![CDATA[first user]]>
              </value>
            </param>
          </params>
          <reporter-output>
          </reporter-output>
        </test-method> <!-- propMethod -->
        <test-method status="PASS" signature="close()[pri:0, instance:Projects.MavenRevision.loginTest@e11ecfa]" name="close" is-config="true" duration-ms="70" started-at="2022-05-07T13:20:17 IST" finished-at="2022-05-07T13:20:17 IST">
          <reporter-output>
          </reporter-output>
        </test-method> <!-- close -->
        <test-method status="PASS" signature="initialize()[pri:0, instance:Projects.MavenRevision.loginTest@e11ecfa]" name="initialize" is-config="true" duration-ms="19995" started-at="2022-05-07T13:20:17 IST" finished-at="2022-05-07T13:20:37 IST">
          <reporter-output>
          </reporter-output>
        </test-method> <!-- initialize -->
        <test-method status="PASS" signature="propMethod(java.lang.String,java.lang.String,java.lang.String)[pri:0, instance:Projects.MavenRevision.loginTest@e11ecfa]" name="propMethod" duration-ms="1378" started-at="2022-05-07T13:20:37 IST" data-provider="getData" finished-at="2022-05-07T13:20:39 IST">
          <params>
            <param index="0">
              <value>
                <![CDATA[user2@gmail.com]]>
              </value>
            </param>
            <param index="1">
              <value>
                <![CDATA[user@22]]>
              </value>
            </param>
            <param index="2">
              <value>
                <![CDATA[second user]]>
              </value>
            </param>
          </params>
          <reporter-output>
          </reporter-output>
        </test-method> <!-- propMethod -->
        <test-method status="PASS" signature="close()[pri:0, instance:Projects.MavenRevision.loginTest@e11ecfa]" name="close" is-config="true" duration-ms="66" started-at="2022-05-07T13:20:39 IST" finished-at="2022-05-07T13:20:39 IST">
          <reporter-output>
          </reporter-output>
        </test-method> <!-- close -->
      </class> <!-- Projects.MavenRevision.loginTest -->
    </test> <!-- Test2 -->
  </suite> <!-- Suite -->
</testng-results>
