<?xml version="1.0" encoding="UTF-8"?>
<testng-results ignored="0" total="2" passed="2" failed="0" skipped="0">
  <reporter-output>
  </reporter-output>
  <suite started-at="2022-05-08T14:44:01 IST" name="Default suite" finished-at="2022-05-08T14:44:46 IST" duration-ms="45232">
    <groups>
    </groups>
    <test started-at="2022-05-08T14:44:01 IST" name="Default test" finished-at="2022-05-08T14:44:46 IST" duration-ms="45232">
      <class name="Projects.MavenRevision.loginTest">
        <test-method is-config="true" signature="initialize()[pri:0, instance:Projects.MavenRevision.loginTest@5536379e]" started-at="2022-05-08T14:44:01 IST" name="initialize" finished-at="2022-05-08T14:44:25 IST" duration-ms="23339" status="PASS">
          <reporter-output>
          </reporter-output>
        </test-method> <!-- initialize -->
        <test-method signature="propMethod(java.lang.String,java.lang.String,java.lang.String)[pri:0, instance:Projects.MavenRevision.loginTest@5536379e]" started-at="2022-05-08T14:44:25 IST" name="propMethod" data-provider="getData" finished-at="2022-05-08T14:44:27 IST" duration-ms="2534" status="PASS">
          <params>
            <param index="0">
              <value>
                <![CDATA[user1@gmail.com]]>
              </value>
            </param>
            <param index="1">
              <value>
                <![CDATA[user@333]]>
              </value>
            </param>
            <param index="2">
              <value>
                <![CDATA[first user]]>
              </value>
            </param>
          </params>
          <reporter-output>
          </reporter-output>
        </test-method> <!-- propMethod -->
        <test-method is-config="true" signature="close()[pri:0, instance:Projects.MavenRevision.loginTest@5536379e]" started-at="2022-05-08T14:44:27 IST" name="close" finished-at="2022-05-08T14:44:28 IST" duration-ms="330" status="PASS">
          <reporter-output>
          </reporter-output>
        </test-method> <!-- close -->
        <test-method is-config="true" signature="initialize()[pri:0, instance:Projects.MavenRevision.loginTest@5536379e]" started-at="2022-05-08T14:44:28 IST" name="initialize" finished-at="2022-05-08T14:44:43 IST" duration-ms="15818" status="PASS">
          <reporter-output>
          </reporter-output>
        </test-method> <!-- initialize -->
        <test-method signature="propMethod(java.lang.String,java.lang.String,java.lang.String)[pri:0, instance:Projects.MavenRevision.loginTest@5536379e]" started-at="2022-05-08T14:44:43 IST" name="propMethod" data-provider="getData" finished-at="2022-05-08T14:44:46 IST" duration-ms="2839" status="PASS">
          <params>
            <param index="0">
              <value>
                <![CDATA[user2@gmail.com]]>
              </value>
            </param>
            <param index="1">
              <value>
                <![CDATA[user@22]]>
              </value>
            </param>
            <param index="2">
              <value>
                <![CDATA[second user]]>
              </value>
            </param>
          </params>
          <reporter-output>
          </reporter-output>
        </test-method> <!-- propMethod -->
        <test-method is-config="true" signature="close()[pri:0, instance:Projects.MavenRevision.loginTest@5536379e]" started-at="2022-05-08T14:44:46 IST" name="close" finished-at="2022-05-08T14:44:46 IST" duration-ms="222" status="PASS">
          <reporter-output>
          </reporter-output>
        </test-method> <!-- close -->
      </class> <!-- Projects.MavenRevision.loginTest -->
    </test> <!-- Default test -->
  </suite> <!-- Default suite -->
</testng-results>
